<?xml version="1.0" encoding="UTF-8"?>
<testng-results ignored="0" total="1" passed="1" failed="0" skipped="0">
  <reporter-output>
  </reporter-output>
  <suite started-at="2024-10-20T22:48:37 IST" name="Default suite" finished-at="2024-10-20T22:48:50 IST" duration-ms="12116">
    <groups>
    </groups>
    <test started-at="2024-10-20T22:48:37 IST" name="Default test" finished-at="2024-10-20T22:48:50 IST" duration-ms="12116">
      <class name="com.demo.Demo.Testcases">
        <test-method signature="test()[pri:0, instance:com.demo.Demo.Testcases@7b2bbc3]" started-at="2024-10-20T22:48:37 IST" name="test" finished-at="2024-10-20T22:48:50 IST" duration-ms="12048" status="PASS">
          <reporter-output>
          </reporter-output>
        </test-method> <!-- test -->
      </class> <!-- com.demo.Demo.Testcases -->
    </test> <!-- Default test -->
  </suite> <!-- Default suite -->
</testng-results>
